[debug] [2019-04-24T16:16:24.320Z] ----------------------------------------------------------------------
[debug] [2019-04-24T16:16:24.322Z] Command:       /usr/local/bin/node /usr/local/bin/firebase deploy
[debug] [2019-04-24T16:16:24.322Z] CLI Version:   6.7.1
[debug] [2019-04-24T16:16:24.322Z] Platform:      darwin
[debug] [2019-04-24T16:16:24.322Z] Node Version:  v8.5.0
[debug] [2019-04-24T16:16:24.322Z] Time:          Wed Apr 24 2019 12:16:24 GMT-0400 (EDT)
[debug] [2019-04-24T16:16:24.322Z] ----------------------------------------------------------------------
[debug]
[debug] [2019-04-24T16:16:24.330Z] > command requires scopes: ["email","openid","https://www.googleapis.com/auth/cloudplatformprojects.readonly","https://www.googleapis.com/auth/firebase","https://www.googleapis.com/auth/cloud-platform"]
[debug] [2019-04-24T16:16:24.330Z] > authorizing via signed-in user
[debug] [2019-04-24T16:16:24.330Z] [iam] checking project online-checkers-43207 for permissions ["firebase.projects.get","firebasehosting.sites.update"]
[debug] [2019-04-24T16:16:24.332Z] > refreshing access token with scopes: ["email","https://www.googleapis.com/auth/cloud-platform","https://www.googleapis.com/auth/cloudplatformprojects.readonly","https://www.googleapis.com/auth/firebase","openid"]
[debug] [2019-04-24T16:16:24.332Z] >>> HTTP REQUEST POST https://www.googleapis.com/oauth2/v3/token
 <request body omitted>
[debug] [2019-04-24T16:16:24.548Z] <<< HTTP RESPONSE 200
[debug] [2019-04-24T16:16:24.569Z] >>> HTTP REQUEST POST https://cloudresourcemanager.googleapis.com/v1/projects/online-checkers-43207:testIamPermissions

[debug] [2019-04-24T16:16:24.960Z] <<< HTTP RESPONSE 200
[debug] [2019-04-24T16:16:24.961Z] >>> HTTP REQUEST GET https://firebase.googleapis.com/v1beta1/projects/online-checkers-43207

[debug] [2019-04-24T16:16:25.187Z] <<< HTTP RESPONSE 200
[info]
[info] === Deploying to 'online-checkers-43207'...
[info]
[info] i  deploying hosting
[debug] [2019-04-24T16:16:25.193Z] >>> HTTP REQUEST POST https://firebasehosting.googleapis.com/v1beta1/sites/online-checkers-43207/versions

[debug] [2019-04-24T16:16:25.877Z] <<< HTTP RESPONSE 200
[info] i  hosting[online-checkers-43207]: beginning deploy...
[info] i  hosting[online-checkers-43207]: found 16 files in build
[debug] [2019-04-24T16:16:25.888Z] [hosting] hash cache [YnVpbGQ] load error: lines is not defined
[debug] [2019-04-24T16:16:26.324Z] [hosting] hash cache [YnVpbGQ] stored for 16 files
[debug] [2019-04-24T16:16:26.324Z] [hosting][hash queue][FINAL]
[debug] [2019-04-24T16:16:26.324Z] >>> HTTP REQUEST POST https://firebasehosting.googleapis.com/v1beta1/sites/online-checkers-43207/versions/8b945ca250aa1f78:populateFiles
 <request body omitted>
[debug] [2019-04-24T16:16:26.956Z] <<< HTTP RESPONSE 200
[debug] [2019-04-24T16:16:26.962Z] [hosting][populate queue][FINAL]
[debug] [2019-04-24T16:16:26.962Z] [hosting] uploads queued: 8
[debug] [2019-04-24T16:16:28.333Z] [hosting][upload queue][FINAL]
[info] ✔  hosting[online-checkers-43207]: file upload complete
[debug] [2019-04-24T16:16:28.334Z] [hosting] deploy completed after 2456ms
[debug] [2019-04-24T16:16:28.439Z] [
  {
    "config": {
      "public": "build",
      "ignore": [
        "firebase.json",
        "**/.*",
        "**/node_modules/**"
      ],
      "site": "online-checkers-43207"
    },
    "site": "online-checkers-43207",
    "version": "sites/online-checkers-43207/versions/8b945ca250aa1f78"
  }
]
[info] i  hosting[online-checkers-43207]: finalizing version...
[debug] [2019-04-24T16:16:28.440Z] >>> HTTP REQUEST PATCH https://firebasehosting.googleapis.com/v1beta1/sites/online-checkers-43207/versions/8b945ca250aa1f78?updateMask=status

[debug] [2019-04-24T16:16:28.750Z] <<< HTTP RESPONSE 200
[debug] [2019-04-24T16:16:28.750Z] [hosting] finalized version for online-checkers-43207:
[info] ✔  hosting[online-checkers-43207]: version finalized
[info] i  hosting[online-checkers-43207]: releasing new version...
[debug] [2019-04-24T16:16:28.751Z] >>> HTTP REQUEST POST https://firebasehosting.googleapis.com/v1beta1/sites/online-checkers-43207/releases?version_name=sites/online-checkers-43207/versions/8b945ca250aa1f78
